2016.12.05 19:12 B C:\Users\Mark\Desktop\jazzbuch-hannover-root\allthatjazz.html <-- jazz / allthatjazz.html
2016.12.05 19:12 B C:\Users\Mark\Desktop\jazzbuch-hannover-root\attillazoller.html <-- jazz / attillazoller.html
2016.12.05 19:12 B C:\Users\Mark\Desktop\jazzbuch-hannover-root\audio.html <-- jazz / audio.html
2016.12.05 19:12 B C:\Users\Mark\Desktop\jazzbuch-hannover-root\galerie01.html <-- jazz / galerie01.html
2016.12.05 19:12 B C:\Users\Mark\Desktop\jazzbuch-hannover-root\galerie02.html <-- jazz / galerie02.html
2016.12.05 19:12 B C:\Users\Mark\Desktop\jazzbuch-hannover-root\galerie03.html <-- jazz / galerie03.html
2016.12.05 19:12 B C:\Users\Mark\Desktop\jazzbuch-hannover-root\gudrunbecker.html <-- jazz / gudrunbecker.html
2016.12.05 19:12 B C:\Users\Mark\Desktop\jazzbuch-hannover-root\heinzboth.html <-- jazz / heinzboth.html
2016.12.05 19:12 B C:\Users\Mark\Desktop\jazzbuch-hannover-root\impressum.html <-- jazz / impressum.html
2016.12.05 19:12 B C:\Users\Mark\Desktop\jazzbuch-hannover-root\index.html <-- jazz / index.html
2016.12.05 19:12 B C:\Users\Mark\Desktop\jazzbuch-hannover-root\jazzgeschichte.html <-- jazz / jazzgeschichte.html
2016.12.05 19:12 B C:\Users\Mark\Desktop\jazzbuch-hannover-root\jazzgeschichte_cd.html <-- jazz / jazzgeschichte_cd.html
2016.12.05 19:12 B C:\Users\Mark\Desktop\jazzbuch-hannover-root\juttahipp.html <-- jazz / juttahipp.html
2016.12.05 19:13 B C:\Users\Mark\Desktop\jazzbuch-hannover-root\links.html <-- jazz / links.html
2016.12.05 19:13 B C:\Users\Mark\Desktop\jazzbuch-hannover-root\northseajazz.html <-- jazz / northseajazz.html
2016.12.05 19:13 B C:\Users\Mark\Desktop\jazzbuch-hannover-root\video.html <-- jazz / video.html
2016.12.05 19:13 B C:\Users\Mark\Desktop\jazzbuch-hannover-root\allthatjazz.html --> www.jazzbuch-hannover.de /a allthatjazz.html
2016.12.05 19:13 B C:\Users\Mark\Desktop\jazzbuch-hannover-root\attillazoller.html --> www.jazzbuch-hannover.de /a attillazoller.html
2016.12.05 19:13 B C:\Users\Mark\Desktop\jazzbuch-hannover-root\audio.html --> www.jazzbuch-hannover.de /a audio.html
2016.12.05 19:13 B C:\Users\Mark\Desktop\jazzbuch-hannover-root\galerie01.html --> www.jazzbuch-hannover.de /a galerie01.html
2016.12.05 19:13 B C:\Users\Mark\Desktop\jazzbuch-hannover-root\galerie02.html --> www.jazzbuch-hannover.de /a galerie02.html
2016.12.05 19:13 B C:\Users\Mark\Desktop\jazzbuch-hannover-root\galerie03.html --> www.jazzbuch-hannover.de /a galerie03.html
2016.12.05 19:13 B C:\Users\Mark\Desktop\jazzbuch-hannover-root\gudrunbecker.html --> www.jazzbuch-hannover.de /a gudrunbecker.html
2016.12.05 19:13 B C:\Users\Mark\Desktop\jazzbuch-hannover-root\heinzboth.html --> www.jazzbuch-hannover.de /a heinzboth.html
2016.12.05 19:13 B C:\Users\Mark\Desktop\jazzbuch-hannover-root\impressum.html --> www.jazzbuch-hannover.de /a impressum.html
2016.12.05 19:13 B C:\Users\Mark\Desktop\jazzbuch-hannover-root\index.html --> www.jazzbuch-hannover.de /a index.html
2016.12.05 19:13 B C:\Users\Mark\Desktop\jazzbuch-hannover-root\jazzgeschichte.html --> www.jazzbuch-hannover.de /a jazzgeschichte.html
2016.12.05 19:13 B C:\Users\Mark\Desktop\jazzbuch-hannover-root\jazzgeschichte_cd.html --> www.jazzbuch-hannover.de /a jazzgeschichte_cd.html
2016.12.05 19:13 B C:\Users\Mark\Desktop\jazzbuch-hannover-root\juttahipp.html --> www.jazzbuch-hannover.de /a juttahipp.html
2016.12.05 19:13 B C:\Users\Mark\Desktop\jazzbuch-hannover-root\links.html --> www.jazzbuch-hannover.de /a links.html
2016.12.05 19:13 B C:\Users\Mark\Desktop\jazzbuch-hannover-root\northseajazz.html --> www.jazzbuch-hannover.de /a northseajazz.html
2016.12.05 19:13 B C:\Users\Mark\Desktop\jazzbuch-hannover-root\video.html --> www.jazzbuch-hannover.de /a video.html
