2014.04.21 10:50 B C:\Users\Mark\Documents\Jazzbuch-01\ws\Jazzbuch\apache-tomcat-8.0.0-RC1\apache-tomcat-8.0.0-RC1\webapps\jazzbuch-hannover\images\header.jpg --> www.jazzbuch-hannover.de /images header.jpg
2014.04.21 10:50 B C:\Users\Mark\Documents\Jazzbuch-01\ws\Jazzbuch\apache-tomcat-8.0.0-RC1\apache-tomcat-8.0.0-RC1\webapps\jazzbuch-hannover\images\header1.jpg --> www.jazzbuch-hannover.de /images header1.jpg
2014.04.21 10:50 B C:\Users\Mark\Documents\Jazzbuch-01\ws\Jazzbuch\apache-tomcat-8.0.0-RC1\apache-tomcat-8.0.0-RC1\webapps\jazzbuch-hannover\images\image005.jpg --> www.jazzbuch-hannover.de /images image005.jpg
2014.04.21 10:50 B C:\Users\Mark\Documents\Jazzbuch-01\ws\Jazzbuch\apache-tomcat-8.0.0-RC1\apache-tomcat-8.0.0-RC1\webapps\jazzbuch-hannover\images\image007.jpg --> www.jazzbuch-hannover.de /images image007.jpg
2014.04.21 10:50 B C:\Users\Mark\Documents\Jazzbuch-01\ws\Jazzbuch\apache-tomcat-8.0.0-RC1\apache-tomcat-8.0.0-RC1\webapps\jazzbuch-hannover\images\image009.jpg --> www.jazzbuch-hannover.de /images image009.jpg
2014.04.21 10:50 B C:\Users\Mark\Documents\Jazzbuch-01\ws\Jazzbuch\apache-tomcat-8.0.0-RC1\apache-tomcat-8.0.0-RC1\webapps\jazzbuch-hannover\images\image011.jpg --> www.jazzbuch-hannover.de /images image011.jpg
2014.04.21 10:50 B C:\Users\Mark\Documents\Jazzbuch-01\ws\Jazzbuch\apache-tomcat-8.0.0-RC1\apache-tomcat-8.0.0-RC1\webapps\jazzbuch-hannover\images\image013.jpg --> www.jazzbuch-hannover.de /images image013.jpg
2014.04.21 10:50 B C:\Users\Mark\Documents\Jazzbuch-01\ws\Jazzbuch\apache-tomcat-8.0.0-RC1\apache-tomcat-8.0.0-RC1\webapps\jazzbuch-hannover\images\image060.jpg --> www.jazzbuch-hannover.de /images image060.jpg
2014.04.21 10:50 B C:\Users\Mark\Documents\Jazzbuch-01\ws\Jazzbuch\apache-tomcat-8.0.0-RC1\apache-tomcat-8.0.0-RC1\webapps\jazzbuch-hannover\images\image062.jpg --> www.jazzbuch-hannover.de /images image062.jpg
2014.04.21 10:50 B C:\Users\Mark\Documents\Jazzbuch-01\ws\Jazzbuch\apache-tomcat-8.0.0-RC1\apache-tomcat-8.0.0-RC1\webapps\jazzbuch-hannover\images\image068.jpg --> www.jazzbuch-hannover.de /images image068.jpg
2014.04.21 10:50 B C:\Users\Mark\Documents\Jazzbuch-01\ws\Jazzbuch\apache-tomcat-8.0.0-RC1\apache-tomcat-8.0.0-RC1\webapps\jazzbuch-hannover\images\image077.jpg --> www.jazzbuch-hannover.de /images image077.jpg
2014.04.21 10:50 B C:\Users\Mark\Documents\Jazzbuch-01\ws\Jazzbuch\apache-tomcat-8.0.0-RC1\apache-tomcat-8.0.0-RC1\webapps\jazzbuch-hannover\images\image079.jpg --> www.jazzbuch-hannover.de /images image079.jpg
2014.04.21 10:50 B C:\Users\Mark\Documents\Jazzbuch-01\ws\Jazzbuch\apache-tomcat-8.0.0-RC1\apache-tomcat-8.0.0-RC1\webapps\jazzbuch-hannover\images\image086.jpg --> www.jazzbuch-hannover.de /images image086.jpg
2014.04.21 10:50 B C:\Users\Mark\Documents\Jazzbuch-01\ws\Jazzbuch\apache-tomcat-8.0.0-RC1\apache-tomcat-8.0.0-RC1\webapps\jazzbuch-hannover\images\image088.jpg --> www.jazzbuch-hannover.de /images image088.jpg
2014.04.21 10:50 B C:\Users\Mark\Documents\Jazzbuch-01\ws\Jazzbuch\apache-tomcat-8.0.0-RC1\apache-tomcat-8.0.0-RC1\webapps\jazzbuch-hannover\images\image095.jpg --> www.jazzbuch-hannover.de /images image095.jpg
2014.04.21 10:50 B C:\Users\Mark\Documents\Jazzbuch-01\ws\Jazzbuch\apache-tomcat-8.0.0-RC1\apache-tomcat-8.0.0-RC1\webapps\jazzbuch-hannover\images\image101.jpg --> www.jazzbuch-hannover.de /images image101.jpg
2014.04.21 10:50 B C:\Users\Mark\Documents\Jazzbuch-01\ws\Jazzbuch\apache-tomcat-8.0.0-RC1\apache-tomcat-8.0.0-RC1\webapps\jazzbuch-hannover\images\image105.jpg --> www.jazzbuch-hannover.de /images image105.jpg
2014.04.21 10:50 B C:\Users\Mark\Documents\Jazzbuch-01\ws\Jazzbuch\apache-tomcat-8.0.0-RC1\apache-tomcat-8.0.0-RC1\webapps\jazzbuch-hannover\images\image109.jpg --> www.jazzbuch-hannover.de /images image109.jpg
2014.04.21 10:50 B C:\Users\Mark\Documents\Jazzbuch-01\ws\Jazzbuch\apache-tomcat-8.0.0-RC1\apache-tomcat-8.0.0-RC1\webapps\jazzbuch-hannover\images\image186.jpg --> www.jazzbuch-hannover.de /images image186.jpg
2014.04.21 10:50 B C:\Users\Mark\Documents\Jazzbuch-01\ws\Jazzbuch\apache-tomcat-8.0.0-RC1\apache-tomcat-8.0.0-RC1\webapps\jazzbuch-hannover\images\image187.jpg --> www.jazzbuch-hannover.de /images image187.jpg
2014.04.21 10:50 B C:\Users\Mark\Documents\Jazzbuch-01\ws\Jazzbuch\apache-tomcat-8.0.0-RC1\apache-tomcat-8.0.0-RC1\webapps\jazzbuch-hannover\images\image188.jpg --> www.jazzbuch-hannover.de /images image188.jpg
2014.04.21 10:50 B C:\Users\Mark\Documents\Jazzbuch-01\ws\Jazzbuch\apache-tomcat-8.0.0-RC1\apache-tomcat-8.0.0-RC1\webapps\jazzbuch-hannover\images\image190.jpg --> www.jazzbuch-hannover.de /images image190.jpg
2014.04.21 10:50 B C:\Users\Mark\Documents\Jazzbuch-01\ws\Jazzbuch\apache-tomcat-8.0.0-RC1\apache-tomcat-8.0.0-RC1\webapps\jazzbuch-hannover\images\image192.jpg --> www.jazzbuch-hannover.de /images image192.jpg
2014.04.21 10:50 B C:\Users\Mark\Documents\Jazzbuch-01\ws\Jazzbuch\apache-tomcat-8.0.0-RC1\apache-tomcat-8.0.0-RC1\webapps\jazzbuch-hannover\images\image193.jpg --> www.jazzbuch-hannover.de /images image193.jpg
2014.04.21 10:50 B C:\Users\Mark\Documents\Jazzbuch-01\ws\Jazzbuch\apache-tomcat-8.0.0-RC1\apache-tomcat-8.0.0-RC1\webapps\jazzbuch-hannover\images\image196.jpg --> www.jazzbuch-hannover.de /images image196.jpg
2014.04.21 10:50 B C:\Users\Mark\Documents\Jazzbuch-01\ws\Jazzbuch\apache-tomcat-8.0.0-RC1\apache-tomcat-8.0.0-RC1\webapps\jazzbuch-hannover\images\image198.jpg --> www.jazzbuch-hannover.de /images image198.jpg
2014.04.21 10:50 B C:\Users\Mark\Documents\Jazzbuch-01\ws\Jazzbuch\apache-tomcat-8.0.0-RC1\apache-tomcat-8.0.0-RC1\webapps\jazzbuch-hannover\images\image200.jpg --> www.jazzbuch-hannover.de /images image200.jpg
2014.04.21 10:50 B C:\Users\Mark\Documents\Jazzbuch-01\ws\Jazzbuch\apache-tomcat-8.0.0-RC1\apache-tomcat-8.0.0-RC1\webapps\jazzbuch-hannover\images\image203.jpg --> www.jazzbuch-hannover.de /images image203.jpg
2014.04.21 10:50 B C:\Users\Mark\Documents\Jazzbuch-01\ws\Jazzbuch\apache-tomcat-8.0.0-RC1\apache-tomcat-8.0.0-RC1\webapps\jazzbuch-hannover\images\image204.jpg --> www.jazzbuch-hannover.de /images image204.jpg
2014.04.21 10:50 B C:\Users\Mark\Documents\Jazzbuch-01\ws\Jazzbuch\apache-tomcat-8.0.0-RC1\apache-tomcat-8.0.0-RC1\webapps\jazzbuch-hannover\images\Thumbs.db --> www.jazzbuch-hannover.de /images Thumbs.db
2014.04.21 10:55 B C:\Users\Mark\Documents\Jazzbuch-01\ws\Jazzbuch\apache-tomcat-8.0.0-RC1\apache-tomcat-8.0.0-RC1\webapps\jazzbuch-hannover\images\image005.jpg --> www.jazzbuch-hannover.de /images image005.jpg
2014.04.21 10:55 B C:\Users\Mark\Documents\Jazzbuch-01\ws\Jazzbuch\apache-tomcat-8.0.0-RC1\apache-tomcat-8.0.0-RC1\webapps\jazzbuch-hannover\images\image007.jpg --> www.jazzbuch-hannover.de /images image007.jpg
2014.04.21 10:55 B C:\Users\Mark\Documents\Jazzbuch-01\ws\Jazzbuch\apache-tomcat-8.0.0-RC1\apache-tomcat-8.0.0-RC1\webapps\jazzbuch-hannover\images\image009.jpg --> www.jazzbuch-hannover.de /images image009.jpg
2014.04.21 10:55 B C:\Users\Mark\Documents\Jazzbuch-01\ws\Jazzbuch\apache-tomcat-8.0.0-RC1\apache-tomcat-8.0.0-RC1\webapps\jazzbuch-hannover\images\image011.jpg --> www.jazzbuch-hannover.de /images image011.jpg
2014.04.21 10:55 B C:\Users\Mark\Documents\Jazzbuch-01\ws\Jazzbuch\apache-tomcat-8.0.0-RC1\apache-tomcat-8.0.0-RC1\webapps\jazzbuch-hannover\images\Thumbs.db --> www.jazzbuch-hannover.de /images Thumbs.db
2016.12.05 19:12 B C:\Users\Mark\Desktop\jazzbuch-hannover-root\images\WS_FTP.LOG <-- jazz /images WS_FTP.LOG
2016.12.05 19:17 B C:\Users\Mark\Desktop\jazzbuch-hannover-root\images\Buch-Seitenansicht-North Sea.jpg --> www.jazzbuch-hannover.de /a/images Buch-Seitenansicht-North Sea.jpg
2016.12.05 19:17 B C:\Users\Mark\Desktop\jazzbuch-hannover-root\images\Buch-Seitenansicht-North Sea.tif --> www.jazzbuch-hannover.de /a/images Buch-Seitenansicht-North Sea.tif
2016.12.05 19:17 B C:\Users\Mark\Desktop\jazzbuch-hannover-root\images\buch-seitenansicht-north-sea.jpg --> www.jazzbuch-hannover.de /a/images buch-seitenansicht-north-sea.jpg
2016.12.05 19:17 B C:\Users\Mark\Desktop\jazzbuch-hannover-root\images\header.jpg --> www.jazzbuch-hannover.de /a/images header.jpg
2016.12.05 19:17 B C:\Users\Mark\Desktop\jazzbuch-hannover-root\images\header1.jpg --> www.jazzbuch-hannover.de /a/images header1.jpg
2016.12.05 19:17 B C:\Users\Mark\Desktop\jazzbuch-hannover-root\images\image005.jpg --> www.jazzbuch-hannover.de /a/images image005.jpg
2016.12.05 19:17 B C:\Users\Mark\Desktop\jazzbuch-hannover-root\images\image007.jpg --> www.jazzbuch-hannover.de /a/images image007.jpg
2016.12.05 19:17 B C:\Users\Mark\Desktop\jazzbuch-hannover-root\images\image009.jpg --> www.jazzbuch-hannover.de /a/images image009.jpg
2016.12.05 19:17 B C:\Users\Mark\Desktop\jazzbuch-hannover-root\images\image011.jpg --> www.jazzbuch-hannover.de /a/images image011.jpg
2016.12.05 19:17 B C:\Users\Mark\Desktop\jazzbuch-hannover-root\images\image013.jpg --> www.jazzbuch-hannover.de /a/images image013.jpg
2016.12.05 19:17 B C:\Users\Mark\Desktop\jazzbuch-hannover-root\images\image060.jpg --> www.jazzbuch-hannover.de /a/images image060.jpg
2016.12.05 19:17 B C:\Users\Mark\Desktop\jazzbuch-hannover-root\images\image062.jpg --> www.jazzbuch-hannover.de /a/images image062.jpg
2016.12.05 19:17 B C:\Users\Mark\Desktop\jazzbuch-hannover-root\images\image068.jpg --> www.jazzbuch-hannover.de /a/images image068.jpg
2016.12.05 19:17 B C:\Users\Mark\Desktop\jazzbuch-hannover-root\images\image077.jpg --> www.jazzbuch-hannover.de /a/images image077.jpg
2016.12.05 19:17 B C:\Users\Mark\Desktop\jazzbuch-hannover-root\images\image079.jpg --> www.jazzbuch-hannover.de /a/images image079.jpg
2016.12.05 19:17 B C:\Users\Mark\Desktop\jazzbuch-hannover-root\images\image086.jpg --> www.jazzbuch-hannover.de /a/images image086.jpg
2016.12.05 19:17 B C:\Users\Mark\Desktop\jazzbuch-hannover-root\images\image088.jpg --> www.jazzbuch-hannover.de /a/images image088.jpg
2016.12.05 19:17 B C:\Users\Mark\Desktop\jazzbuch-hannover-root\images\image095.jpg --> www.jazzbuch-hannover.de /a/images image095.jpg
2016.12.05 19:17 B C:\Users\Mark\Desktop\jazzbuch-hannover-root\images\image101.jpg --> www.jazzbuch-hannover.de /a/images image101.jpg
2016.12.05 19:17 B C:\Users\Mark\Desktop\jazzbuch-hannover-root\images\image105.jpg --> www.jazzbuch-hannover.de /a/images image105.jpg
2016.12.05 19:17 B C:\Users\Mark\Desktop\jazzbuch-hannover-root\images\image10821.jpg --> www.jazzbuch-hannover.de /a/images image10821.jpg
2016.12.05 19:17 B C:\Users\Mark\Desktop\jazzbuch-hannover-root\images\image109.jpg --> www.jazzbuch-hannover.de /a/images image109.jpg
2016.12.05 19:17 B C:\Users\Mark\Desktop\jazzbuch-hannover-root\images\image11161.jpg --> www.jazzbuch-hannover.de /a/images image11161.jpg
2016.12.05 19:17 B C:\Users\Mark\Desktop\jazzbuch-hannover-root\images\image11201.jpg --> www.jazzbuch-hannover.de /a/images image11201.jpg
2016.12.05 19:17 B C:\Users\Mark\Desktop\jazzbuch-hannover-root\images\image11221.jpg --> www.jazzbuch-hannover.de /a/images image11221.jpg
2016.12.05 19:17 B C:\Users\Mark\Desktop\jazzbuch-hannover-root\images\image11261.jpg --> www.jazzbuch-hannover.de /a/images image11261.jpg
2016.12.05 19:17 B C:\Users\Mark\Desktop\jazzbuch-hannover-root\images\image11331.jpg --> www.jazzbuch-hannover.de /a/images image11331.jpg
2016.12.05 19:17 B C:\Users\Mark\Desktop\jazzbuch-hannover-root\images\image11841.jpg --> www.jazzbuch-hannover.de /a/images image11841.jpg
2016.12.05 19:17 B C:\Users\Mark\Desktop\jazzbuch-hannover-root\images\image12041.jpg --> www.jazzbuch-hannover.de /a/images image12041.jpg
2016.12.05 19:17 B C:\Users\Mark\Desktop\jazzbuch-hannover-root\images\image12271.jpg --> www.jazzbuch-hannover.de /a/images image12271.jpg
2016.12.05 19:17 B C:\Users\Mark\Desktop\jazzbuch-hannover-root\images\image12291.jpg --> www.jazzbuch-hannover.de /a/images image12291.jpg
2016.12.05 19:17 B C:\Users\Mark\Desktop\jazzbuch-hannover-root\images\image12311.jpg --> www.jazzbuch-hannover.de /a/images image12311.jpg
2016.12.05 19:17 B C:\Users\Mark\Desktop\jazzbuch-hannover-root\images\image12371.jpg --> www.jazzbuch-hannover.de /a/images image12371.jpg
2016.12.05 19:17 B C:\Users\Mark\Desktop\jazzbuch-hannover-root\images\image14421.jpg --> www.jazzbuch-hannover.de /a/images image14421.jpg
2016.12.05 19:17 B C:\Users\Mark\Desktop\jazzbuch-hannover-root\images\image14451.jpg --> www.jazzbuch-hannover.de /a/images image14451.jpg
2016.12.05 19:17 B C:\Users\Mark\Desktop\jazzbuch-hannover-root\images\image14911.jpg --> www.jazzbuch-hannover.de /a/images image14911.jpg
2016.12.05 19:17 B C:\Users\Mark\Desktop\jazzbuch-hannover-root\images\image15981.jpg --> www.jazzbuch-hannover.de /a/images image15981.jpg
2016.12.05 19:17 B C:\Users\Mark\Desktop\jazzbuch-hannover-root\images\image16011.jpg --> www.jazzbuch-hannover.de /a/images image16011.jpg
2016.12.05 19:17 B C:\Users\Mark\Desktop\jazzbuch-hannover-root\images\image17011.jpg --> www.jazzbuch-hannover.de /a/images image17011.jpg
2016.12.05 19:17 B C:\Users\Mark\Desktop\jazzbuch-hannover-root\images\image17021.jpg --> www.jazzbuch-hannover.de /a/images image17021.jpg
2016.12.05 19:17 B C:\Users\Mark\Desktop\jazzbuch-hannover-root\images\image186.jpg --> www.jazzbuch-hannover.de /a/images image186.jpg
2016.12.05 19:17 B C:\Users\Mark\Desktop\jazzbuch-hannover-root\images\image187.jpg --> www.jazzbuch-hannover.de /a/images image187.jpg
2016.12.05 19:17 B C:\Users\Mark\Desktop\jazzbuch-hannover-root\images\image188.jpg --> www.jazzbuch-hannover.de /a/images image188.jpg
2016.12.05 19:17 B C:\Users\Mark\Desktop\jazzbuch-hannover-root\images\image190.jpg --> www.jazzbuch-hannover.de /a/images image190.jpg
2016.12.05 19:17 B C:\Users\Mark\Desktop\jazzbuch-hannover-root\images\image192.jpg --> www.jazzbuch-hannover.de /a/images image192.jpg
2016.12.05 19:17 B C:\Users\Mark\Desktop\jazzbuch-hannover-root\images\image193.jpg --> www.jazzbuch-hannover.de /a/images image193.jpg
2016.12.05 19:17 B C:\Users\Mark\Desktop\jazzbuch-hannover-root\images\image196.jpg --> www.jazzbuch-hannover.de /a/images image196.jpg
2016.12.05 19:17 B C:\Users\Mark\Desktop\jazzbuch-hannover-root\images\image198.jpg --> www.jazzbuch-hannover.de /a/images image198.jpg
2016.12.05 19:17 B C:\Users\Mark\Desktop\jazzbuch-hannover-root\images\image200.jpg --> www.jazzbuch-hannover.de /a/images image200.jpg
2016.12.05 19:17 B C:\Users\Mark\Desktop\jazzbuch-hannover-root\images\image203.jpg --> www.jazzbuch-hannover.de /a/images image203.jpg
2016.12.05 19:17 B C:\Users\Mark\Desktop\jazzbuch-hannover-root\images\image204.jpg --> www.jazzbuch-hannover.de /a/images image204.jpg
2016.12.05 19:17 B C:\Users\Mark\Desktop\jazzbuch-hannover-root\images\image6301.jpg --> www.jazzbuch-hannover.de /a/images image6301.jpg
2016.12.05 19:17 B C:\Users\Mark\Desktop\jazzbuch-hannover-root\images\image8321.jpg --> www.jazzbuch-hannover.de /a/images image8321.jpg
2016.12.05 19:17 B C:\Users\Mark\Desktop\jazzbuch-hannover-root\images\image9461.jpg --> www.jazzbuch-hannover.de /a/images image9461.jpg
2016.12.05 19:17 B C:\Users\Mark\Desktop\jazzbuch-hannover-root\images\image9471.jpg --> www.jazzbuch-hannover.de /a/images image9471.jpg
2016.12.05 19:17 B C:\Users\Mark\Desktop\jazzbuch-hannover-root\images\Thumbs.db --> www.jazzbuch-hannover.de /a/images Thumbs.db
2016.12.05 19:17 B C:\Users\Mark\Desktop\jazzbuch-hannover-root\images\Titel-North Sea.tif --> www.jazzbuch-hannover.de /a/images Titel-North Sea.tif
2016.12.05 19:17 B C:\Users\Mark\Desktop\jazzbuch-hannover-root\images\titel-north-sea.jpg --> www.jazzbuch-hannover.de /a/images titel-north-sea.jpg
